<?xml version="1.0" encoding="UTF-8"?>
<testsuite name="com.bridgelabz.test.CricketLeagueAnalysisTest" tests="1" skipped="0" failures="0" errors="0" timestamp="2020-03-11T04:31:56" hostname="admin1-desktop" time="0.335">
  <properties/>
  <testcase name="givenIPL2019SheetMostEconomyRate_ShouldGetCorrectPlayer" classname="com.bridgelabz.test.CricketLeagueAnalysisTest" time="0.335"/>
  <system-out><![CDATA[]]></system-out>
  <system-err><![CDATA[]]></system-err>
</testsuite>
